<?xml version="1.0" encoding="UTF-8"?>
<testng-results ignored="0" total="1" passed="1" failed="0" skipped="0">
  <reporter-output>
  </reporter-output>
  <suite started-at="2021-08-24T11:51:31 IST" name="Default suite" finished-at="2021-08-24T11:52:13 IST" duration-ms="42080">
    <groups>
    </groups>
    <test started-at="2021-08-24T11:51:31 IST" name="Default test" finished-at="2021-08-24T11:52:13 IST" duration-ms="42080">
      <class name="Assert.Yahoo">
        <test-method signature="yahoo()[pri:0, instance:Assert.Yahoo@6193932a]" started-at="2021-08-24T11:51:31 IST" name="yahoo" finished-at="2021-08-24T11:52:13 IST" duration-ms="42039" status="PASS">
          <reporter-output>
          </reporter-output>
        </test-method> <!-- yahoo -->
      </class> <!-- Assert.Yahoo -->
    </test> <!-- Default test -->
  </suite> <!-- Default suite -->
</testng-results>
